<?xml version="1.0" encoding="UTF-8"?>
<testng-results ignored="0" total="1" passed="1" failed="0" skipped="0">
  <reporter-output>
  </reporter-output>
  <suite started-at="2024-07-31T14:50:01 BST" name="Selenium Test Suite" finished-at="2024-07-31T14:54:36 BST" duration-ms="274906">
    <groups>
    </groups>
    <test started-at="2024-07-31T14:50:01 BST" name="Search Tests" finished-at="2024-07-31T14:54:36 BST" duration-ms="274906">
      <class name="tests.testScenarios">
        <test-method is-config="true" signature="setup()[pri:0, instance:tests.testScenarios@5f8edcc5]" started-at="2024-07-31T14:50:01 BST" name="setup" finished-at="2024-07-31T14:50:01 BST" duration-ms="39" status="PASS">
          <reporter-output>
          </reporter-output>
        </test-method> <!-- setup -->
        <test-method is-config="true" signature="setUpTest()[pri:0, instance:tests.testScenarios@5f8edcc5]" started-at="2024-07-31T14:50:01 BST" name="setUpTest" finished-at="2024-07-31T14:50:13 BST" duration-ms="11770" status="PASS">
          <reporter-output>
          </reporter-output>
        </test-method> <!-- setUpTest -->
        <test-method signature="testUserLogin()[pri:0, instance:tests.testScenarios@5f8edcc5]" started-at="2024-07-31T14:50:13 BST" name="testUserLogin" finished-at="2024-07-31T14:54:36 BST" duration-ms="262807" status="PASS">
          <reporter-output>
          </reporter-output>
        </test-method> <!-- testUserLogin -->
        <test-method is-config="true" signature="tearDown(org.testng.ITestResult)[pri:0, instance:tests.testScenarios@5f8edcc5]" started-at="2024-07-31T14:54:36 BST" name="tearDown" finished-at="2024-07-31T14:54:36 BST" duration-ms="214" status="PASS">
          <params>
            <param index="0">
              <value>
                <![CDATA[[TestResult name=testUserLogin status=SUCCESS method=testScenarios.testUserLogin()[pri:0, instance:tests.testScenarios@5f8edcc5] output={null}]]]>
              </value>
            </param>
          </params>
          <reporter-output>
          </reporter-output>
        </test-method> <!-- tearDown -->
        <test-method is-config="true" signature="tearDownQ()[pri:0, instance:tests.testScenarios@5f8edcc5]" started-at="2024-07-31T14:54:36 BST" name="tearDownQ" finished-at="2024-07-31T14:54:36 BST" duration-ms="2" status="PASS">
          <reporter-output>
          </reporter-output>
        </test-method> <!-- tearDownQ -->
        <test-method is-config="true" signature="tearDownSuite()[pri:0, instance:tests.testScenarios@5f8edcc5]" started-at="2024-07-31T14:54:36 BST" name="tearDownSuite" finished-at="2024-07-31T14:54:36 BST" duration-ms="0" status="PASS">
          <reporter-output>
          </reporter-output>
        </test-method> <!-- tearDownSuite -->
      </class> <!-- tests.testScenarios -->
    </test> <!-- Search Tests -->
  </suite> <!-- Selenium Test Suite -->
</testng-results>
